d:\github\spaceships-2d\source\spaceships-2d\release\vc120.pdb
d:\github\spaceships-2d\source\spaceships-2d\release\vector4.obj
d:\github\spaceships-2d\source\spaceships-2d\release\time.obj
d:\github\spaceships-2d\source\spaceships-2d\release\shaperectangle.obj
d:\github\spaceships-2d\source\spaceships-2d\release\projectile.obj
d:\github\spaceships-2d\source\spaceships-2d\release\player.obj
d:\github\spaceships-2d\source\spaceships-2d\release\matrix4x4.obj
d:\github\spaceships-2d\source\spaceships-2d\release\gamewindow.obj
d:\github\spaceships-2d\source\spaceships-2d\release\gamelogic.obj
d:\github\spaceships-2d\source\spaceships-2d\release\entry.obj
d:\github\spaceships-2d\source\spaceships-2d\release\enemy.obj
d:\github\spaceships-2d\source\spaceships-2d\release\collisioncomponent.obj
d:\github\spaceships-2d\source\release\spaceships-2d.exe
d:\github\spaceships-2d\source\release\spaceships-2d.pdb
d:\github\spaceships-2d\source\spaceships-2d\release\spaceships2d.res
d:\github\spaceships-2d\source\spaceships-2d\release\spaceships-2d.tlog\cl.command.1.tlog
d:\github\spaceships-2d\source\spaceships-2d\release\spaceships-2d.tlog\cl.read.1.tlog
d:\github\spaceships-2d\source\spaceships-2d\release\spaceships-2d.tlog\cl.write.1.tlog
d:\github\spaceships-2d\source\spaceships-2d\release\spaceships-2d.tlog\link.command.1.tlog
d:\github\spaceships-2d\source\spaceships-2d\release\spaceships-2d.tlog\link.read.1.tlog
d:\github\spaceships-2d\source\spaceships-2d\release\spaceships-2d.tlog\link.write.1.tlog
d:\github\spaceships-2d\source\spaceships-2d\release\spaceships-2d.tlog\rc.command.1.tlog
d:\github\spaceships-2d\source\spaceships-2d\release\spaceships-2d.tlog\rc.read.1.tlog
d:\github\spaceships-2d\source\spaceships-2d\release\spaceships-2d.tlog\rc.write.1.tlog
