Build started 23/06/2015 10:32:51.
     1>Project "D:\Miscellaneous\Documents\GitHub\Spaceships-2D\Source\Spaceships-2D\Spaceships-2D.vcxproj" on node 2 (Build target(s)).
     1>ClCompile:
         C:\Program Files (x86)\Microsoft Visual Studio 12.0\VC\bin\CL.exe /c /Zi /nologo /W3 /WX- /sdl /O2 /Oi /Oy- /GL /D WIN32 /D NDEBUG /D _WINDOWS /D _MBCS /Gm- /EHsc /MD /GS /Gy /fp:precise /Zc:wchar_t /Zc:forScope /Fo"Release\\" /Fd"Release\vc120.pdb" /Gd /TP /analyze- /errorReport:prompt Time.cpp
         Time.cpp
       Link:
         C:\Program Files (x86)\Microsoft Visual Studio 12.0\VC\bin\link.exe /ERRORREPORT:PROMPT /OUT:"D:\Miscellaneous\Documents\GitHub\Spaceships-2D\Source\Release\Spaceships-2D.exe" /INCREMENTAL:NO /NOLOGO kernel32.lib user32.lib gdi32.lib winspool.lib comdlg32.lib advapi32.lib shell32.lib ole32.lib oleaut32.lib uuid.lib odbc32.lib odbccp32.lib /MANIFEST /MANIFESTUAC:"level='asInvoker' uiAccess='false'" /manifest:embed /DEBUG /PDB:"D:\Miscellaneous\Documents\GitHub\Spaceships-2D\Source\Release\Spaceships-2D.pdb" /SUBSYSTEM:WINDOWS /OPT:REF /OPT:ICF /LTCG /TLBID:1 /DYNAMICBASE /NXCOMPAT /IMPLIB:"D:\Miscellaneous\Documents\GitHub\Spaceships-2D\Source\Release\Spaceships-2D.lib" /MACHINE:X86 /SAFESEH Release\Spaceships2D.res
         Release\CollisionComponent.obj
         Release\Enemy.obj
         Release\Entry.obj
         Release\GameLogic.obj
         Release\GameWindow.obj
         Release\Matrix4x4.obj
         Release\Player.obj
         Release\Projectile.obj
         Release\ShapeRectangle.obj
         Release\Time.obj
         Release\Vector4.obj
         Generating code
         Finished generating code
         Spaceships-2D.vcxproj -> D:\Miscellaneous\Documents\GitHub\Spaceships-2D\Source\Release\Spaceships-2D.exe
     1>Done Building Project "D:\Miscellaneous\Documents\GitHub\Spaceships-2D\Source\Spaceships-2D\Spaceships-2D.vcxproj" (Build target(s)).

Build succeeded.

Time Elapsed 00:00:01.94
