Build started 14/01/2015 17:36:24.
     1>Project "D:\GitHub\Spaceships-2D\Source\Spaceships2D\Spaceships2D.vcxproj" on node 2 (Rebuild target(s)).
     1>ClCompile:
         C:\Program Files (x86)\Microsoft Visual Studio 12.0\VC\bin\CL.exe /c /ZI /nologo /W3 /WX- /sdl /Od /Oy- /D WIN32 /D _DEBUG /D _WINDOWS /D _MBCS /Gm /EHsc /RTC1 /MDd /GS /fp:precise /Zc:wchar_t /Zc:forScope /Fo"Debug\\" /Fd"Debug\vc120.pdb" /Gd /TP /analyze- /errorReport:prompt ColliderComponent.cpp ColliderRectangle.cpp Enemy.cpp Entry.cpp GameLogic.cpp GameWindow.cpp Matrix4x4.cpp Player.cpp Projectile.cpp ShapeRectangle.cpp Vector4.cpp
         Vector4.cpp
         ShapeRectangle.cpp
         Projectile.cpp
         Player.cpp
         Matrix4x4.cpp
         GameWindow.cpp
         GameLogic.cpp
         Entry.cpp
         Enemy.cpp
         ColliderRectangle.cpp
         ColliderComponent.cpp
         Generating Code...
       ResourceCompile:
         C:\Program Files (x86)\Windows Kits\8.1\bin\x86\rc.exe /l"0x0409" /nologo /fo"Debug\Spaceships2D.res" Spaceships2D.rc 
       Link:
         C:\Program Files (x86)\Microsoft Visual Studio 12.0\VC\bin\link.exe /ERRORREPORT:PROMPT /OUT:"D:\GitHub\Spaceships-2D\Source\Debug\Spaceships2D.exe" /INCREMENTAL /NOLOGO kernel32.lib user32.lib gdi32.lib winspool.lib comdlg32.lib advapi32.lib shell32.lib ole32.lib oleaut32.lib uuid.lib odbc32.lib odbccp32.lib /MANIFEST /MANIFESTUAC:"level='asInvoker' uiAccess='false'" /manifest:embed /DEBUG /PDB:"D:\GitHub\Spaceships-2D\Source\Debug\Spaceships2D.pdb" /SUBSYSTEM:WINDOWS /TLBID:1 /DYNAMICBASE /NXCOMPAT /IMPLIB:"D:\GitHub\Spaceships-2D\Source\Debug\Spaceships2D.lib" /MACHINE:X86 Debug\Spaceships2D.res
         Debug\ColliderComponent.obj
         Debug\ColliderRectangle.obj
         Debug\Enemy.obj
         Debug\Entry.obj
         Debug\GameLogic.obj
         Debug\GameWindow.obj
         Debug\Matrix4x4.obj
         Debug\Player.obj
         Debug\Projectile.obj
         Debug\ShapeRectangle.obj
         Debug\Vector4.obj
         Spaceships2D.vcxproj -> D:\GitHub\Spaceships-2D\Source\Debug\Spaceships2D.exe
     1>Done Building Project "D:\GitHub\Spaceships-2D\Source\Spaceships2D\Spaceships2D.vcxproj" (Rebuild target(s)).

Build succeeded.

Time Elapsed 00:00:06.91
