d:\github\spaceships-2d\source\spaceships2d\debug\vc120.pdb
d:\github\spaceships-2d\source\spaceships2d\debug\vc120.idb
d:\github\spaceships-2d\source\spaceships2d\debug\collidercomponent.obj
d:\github\spaceships-2d\source\spaceships2d\debug\colliderrectangle.obj
d:\github\spaceships-2d\source\spaceships2d\debug\enemy.obj
d:\github\spaceships-2d\source\spaceships2d\debug\entry.obj
d:\github\spaceships-2d\source\spaceships2d\debug\gamelogic.obj
d:\github\spaceships-2d\source\spaceships2d\debug\gamewindow.obj
d:\github\spaceships-2d\source\spaceships2d\debug\matrix4x4.obj
d:\github\spaceships-2d\source\spaceships2d\debug\player.obj
d:\github\spaceships-2d\source\spaceships2d\debug\projectile.obj
d:\github\spaceships-2d\source\spaceships2d\debug\shaperectangle.obj
d:\github\spaceships-2d\source\spaceships2d\debug\vector4.obj
d:\github\spaceships-2d\source\debug\spaceships2d.ilk
d:\github\spaceships-2d\source\debug\spaceships2d.exe
d:\github\spaceships-2d\source\debug\spaceships2d.pdb
d:\github\spaceships-2d\source\spaceships2d\debug\spaceships2d.res
d:\github\spaceships-2d\source\spaceships2d\debug\spaceships2d.tlog\cl.command.1.tlog
d:\github\spaceships-2d\source\spaceships2d\debug\spaceships2d.tlog\cl.read.1.tlog
d:\github\spaceships-2d\source\spaceships2d\debug\spaceships2d.tlog\cl.write.1.tlog
d:\github\spaceships-2d\source\spaceships2d\debug\spaceships2d.tlog\link.command.1.tlog
d:\github\spaceships-2d\source\spaceships2d\debug\spaceships2d.tlog\link.read.1.tlog
d:\github\spaceships-2d\source\spaceships2d\debug\spaceships2d.tlog\link.write.1.tlog
d:\github\spaceships-2d\source\spaceships2d\debug\spaceships2d.tlog\rc.command.1.tlog
d:\github\spaceships-2d\source\spaceships2d\debug\spaceships2d.tlog\rc.read.1.tlog
d:\github\spaceships-2d\source\spaceships2d\debug\spaceships2d.tlog\rc.write.1.tlog
